<?xml version="1.0" encoding="UTF-8"?>
<testsuite name="com.example.LastSpring.LastSpringApplicationTests" tests="1" skipped="0" failures="0" errors="0" timestamp="2023-11-20T17:49:45" hostname="Minjuui-MacBookAir.local" time="0.522">
  <properties/>
  <testcase name="contextLoads()" classname="com.example.LastSpring.LastSpringApplicationTests" time="0.522"/>
  <system-out><![CDATA[02:49:44.262 [Test worker] INFO org.springframework.test.context.support.AnnotationConfigContextLoaderUtils -- Could not detect default configuration classes for test class [com.example.LastSpring.LastSpringApplicationTests]: LastSpringApplicationTests does not declare any static, non-private, non-final, nested classes annotated with @Configuration.
02:49:44.318 [Test worker] INFO org.springframework.boot.test.context.SpringBootTestContextBootstrapper -- Found @SpringBootConfiguration com.example.LastSpring.LastSpringApplication for test class com.example.LastSpring.LastSpringApplicationTests

  .   ____          _            __ _ _
 /\\ / ___'_ __ _ _(_)_ __  __ _ \ \ \ \
( ( )\___ | '_ | '_| | '_ \/ _` | \ \ \ \
 \\/  ___)| |_)| | | | | || (_| |  ) ) ) )
  '  |____| .__|_| |_|_| |_\__, | / / / /
 =========|_|==============|___/=/_/_/_/
 :: Spring Boot ::                (v3.1.5)

2023-11-21T02:49:44.527+09:00  INFO 12671 --- [    Test worker] c.e.L.LastSpringApplicationTests         : Starting LastSpringApplicationTests using Java 20.0.2.1 with PID 12671 (started by minjuchoi in /Users/minjuchoi/Desktop/Coding/spring/GDSC-Springboot-Study)
2023-11-21T02:49:44.529+09:00  INFO 12671 --- [    Test worker] c.e.L.LastSpringApplicationTests         : No active profile set, falling back to 1 default profile: "default"
2023-11-21T02:49:45.102+09:00  INFO 12671 --- [    Test worker] c.e.L.LastSpringApplicationTests         : Started LastSpringApplicationTests in 0.701 seconds (process running for 1.351)
]]></system-out>
  <system-err><![CDATA[]]></system-err>
</testsuite>
